c:\users\shadow\desktop\sero-rust-internal\ultimate\x64\release\vc143.pdb
c:\users\shadow\desktop\sero-rust-internal\ultimate\x64\release\features.obj
c:\users\shadow\desktop\sero-rust-internal\ultimate\x64\release\eyehack.obj
c:\users\shadow\desktop\sero-rust-internal\ultimate\x64\release\doattack.obj
c:\users\shadow\desktop\sero-rust-internal\ultimate\x64\release\playerprojectileattack.obj
c:\users\shadow\desktop\sero-rust-internal\ultimate\x64\release\onnetworkmessage.obj
c:\users\shadow\desktop\sero-rust-internal\ultimate\x64\release\oninput.obj
c:\users\shadow\desktop\sero-rust-internal\ultimate\x64\release\onattacked.obj
c:\users\shadow\desktop\sero-rust-internal\ultimate\x64\release\lateupdate.obj
c:\users\shadow\desktop\sero-rust-internal\ultimate\x64\release\flintstrikeweapondoattack.obj
c:\users\shadow\desktop\sero-rust-internal\ultimate\x64\release\dobowattack.obj
c:\users\shadow\desktop\sero-rust-internal\ultimate\x64\release\doattackbasemelee.obj
c:\users\shadow\desktop\sero-rust-internal\ultimate\x64\release\isaiming.obj
c:\users\shadow\desktop\sero-rust-internal\ultimate\x64\release\blocksprint.obj
c:\users\shadow\desktop\sero-rust-internal\ultimate\x64\release\smutex.obj
c:\users\shadow\desktop\sero-rust-internal\ultimate\x64\release\math.obj
c:\users\shadow\desktop\sero-rust-internal\ultimate\x64\release\crt.obj
c:\users\shadow\desktop\sero-rust-internal\ultimate\x64\release\color.obj
c:\users\shadow\desktop\sero-rust-internal\ultimate\x64\release\core.obj
c:\users\shadow\desktop\sero-rust-internal\ultimate\x64\release\connectionmanager.obj
c:\users\shadow\desktop\sero-rust-internal\ultimate\x64\release\configs.obj
c:\users\shadow\desktop\sero-rust-internal\ultimate\x64\release\keybind.obj
c:\users\shadow\desktop\sero-rust-internal\ultimate\x64\release\groupbox.obj
c:\users\shadow\desktop\sero-rust-internal\ultimate\x64\release\dropdown.obj
c:\users\shadow\desktop\sero-rust-internal\ultimate\x64\release\colorpicker.obj
c:\users\shadow\desktop\sero-rust-internal\ultimate\x64\release\checkbox.obj
c:\users\shadow\desktop\sero-rust-internal\ultimate\x64\release\button.obj
c:\users\shadow\desktop\sero-rust-internal\ultimate\x64\release\drawing.obj
c:\users\shadow\desktop\sero-rust-internal\ultimate\x64\release\il2cpp-api.obj
c:\users\shadow\desktop\sero-rust-internal\ultimate\x64\release\cil2cpp.obj
c:\users\shadow\desktop\sero-rust-internal\ultimate\x64\release\writetostream.obj
c:\users\shadow\desktop\sero-rust-internal\ultimate\x64\release\updateongui.obj
c:\users\shadow\desktop\sero-rust-internal\ultimate\x64\release\trytomove.obj
c:\users\shadow\desktop\sero-rust-internal\ultimate\x64\release\steamplatform.obj
c:\users\shadow\desktop\sero-rust-internal\ultimate\x64\release\skyupdate.obj
c:\users\shadow\desktop\sero-rust-internal\ultimate\x64\release\projectileupdate.obj
c:\users\shadow\desktop\sero-rust-internal\ultimate\x64\release\playerwalkmovement.obj
c:\users\shadow\desktop\sero-rust-internal\ultimate\x64\release\ongui.obj
c:\users\shadow\desktop\sero-rust-internal\ultimate\x64\release\hooks.obj
c:\users\shadow\desktop\sero-rust-internal\ultimate\x64\release\clientinput.obj
c:\users\shadow\desktop\sero-rust-internal\ultimate\x64\release\visuals.obj
c:\users\shadow\desktop\sero-rust-internal\ultimate\x64\release\main.obj
c:\users\shadow\desktop\sero-rust-internal\ultimate\x64\release\lazy.obj
c:\users\shadow\desktop\sero-rust-internal\ultimate\x64\release\unityengine.obj
c:\users\shadow\desktop\sero-rust-internal\ultimate\x64\release\protobuf.obj
c:\users\shadow\desktop\sero-rust-internal\ultimate\x64\release\network.obj
c:\users\shadow\desktop\sero-rust-internal\ultimate\x64\release\assemblycsharp.obj
c:\users\shadow\desktop\sero-rust-internal\ultimate\x64\release\writer.obj
c:\users\shadow\desktop\sero-rust-internal\ultimate\x64\release\steam_session.obj
c:\users\shadow\desktop\sero-rust-internal\ultimate\x64\release\reader.obj
c:\users\shadow\desktop\sero-rust-internal\ultimate\x64\release\offsets.obj
c:\users\shadow\desktop\sero-rust-internal\ultimate\x64\release\net.obj
c:\users\shadow\desktop\sero-rust-internal\ultimate\x64\release\data.obj
c:\users\shadow\desktop\sero-rust-internal\ultimate\x64\release\configmanager.obj
c:\users\shadow\desktop\sero-rust-internal\ultimate\x64\release\menu.obj
c:\users\shadow\desktop\sero-rust-internal\ultimate\x64\release\gui.obj
c:\users\shadow\desktop\sero-rust-internal\ultimate\x64\release\window.obj
c:\users\shadow\desktop\sero-rust-internal\ultimate\x64\release\textbox.obj
c:\users\shadow\desktop\sero-rust-internal\ultimate\x64\release\slider.obj
c:\users\shadow\desktop\sero-rust-internal\ultimate\x64\release\listbox.obj
c:\users\shadow\desktop\sero-rust-internal\ultimate\x64\release\miniz.obj
c:\users\shadow\desktop\sero-rust-internal\x64\release\cheat.dll
c:\users\shadow\desktop\sero-rust-internal\x64\release\cheat.pdb
c:\users\shadow\desktop\sero-rust-internal\x64\release\cheat.map
c:\users\shadow\desktop\sero-rust-internal\ultimate\x64\release\rustinte.408a5b56.tlog\cl.command.1.tlog
c:\users\shadow\desktop\sero-rust-internal\ultimate\x64\release\rustinte.408a5b56.tlog\cl.items.tlog
c:\users\shadow\desktop\sero-rust-internal\ultimate\x64\release\rustinte.408a5b56.tlog\cl.read.1.tlog
c:\users\shadow\desktop\sero-rust-internal\ultimate\x64\release\rustinte.408a5b56.tlog\cl.write.1.tlog
c:\users\shadow\desktop\sero-rust-internal\ultimate\x64\release\rustinte.408a5b56.tlog\link.command.1.tlog
c:\users\shadow\desktop\sero-rust-internal\ultimate\x64\release\rustinte.408a5b56.tlog\link.read.1.tlog
c:\users\shadow\desktop\sero-rust-internal\ultimate\x64\release\rustinte.408a5b56.tlog\link.write.1.tlog
